This is pdfTeX, Version 3.1415926-2.5-1.40.14 (TeX Live 2013) (format=pdflatex 2013.5.30)  5 DEC 2013 18:55
entering extended mode
 \write18 enabled.
 file:line:error style messages enabled.
 %&-line parsing enabled.
**sig-alternate-10pt-2014.cls
(./sig-alternate-10pt-2014.cls
LaTeX2e <2011/06/27>
Babel <3.9f> and hyphenation patterns for 78 languages loaded.

./sig-alternate-10pt-2014.cls:56: LaTeX Error: \usepackage before \documentclas
s.

See the LaTeX manual or LaTeX Companion for explanation.
Type  H <return>  for immediate help.
 ...                                              
                                                  
l.56 \usepackage{
                 epsfig}
? 
./sig-alternate-10pt-2014.cls:56: Emergency stop.
 ...                                              
                                                  
l.56 \usepackage{
                 epsfig}
\usepackage may only appear in the document preamble, i.e.,
between \documentclass and \begin{document}.

 
Here is how much of TeX's memory you used:
 10 strings out of 493315
 362 string characters out of 6137904
 52158 words of memory out of 5000000
 3560 multiletter control sequences out of 15000+600000
 3640 words of font info for 14 fonts, out of 8000000 for 9000
 957 hyphenation exceptions out of 8191
 5i,0n,5p,155b,14s stack positions out of 5000i,500n,10000p,200000b,80000s
./sig-alternate-10pt-2014.cls:56:  ==> Fatal error occurred, no output PDF file
 produced!
